<?xml version="1.0" encoding="UTF-8"?>
<!-- Generated by org.testng.reporters.JUnitReportReporter -->
<testsuite skipped="0" hostname="DESKTOP-LHE3BOF" name="com.testClasses.EMICalculatorSmokeTests" tests="3" failures="0" timestamp="15 Jun 2020 18:07:14 GMT" time="34.210" errors="0">
  <testcase name="isTotalPaymentAmountVerify" time="12.527" classname="com.testClasses.EMICalculatorSmokeTests"/>
  <testcase name="isCarLoanElementPresent" time="10.824" classname="com.testClasses.EMICalculatorSmokeTests"/>
  <testcase name="emicalculator" time="10.859" classname="com.testClasses.EMICalculatorSmokeTests"/>
</testsuite> <!-- com.testClasses.EMICalculatorSmokeTests -->
