<?xml version="1.0" encoding="UTF-8"?>
<!-- Generated by org.testng.reporters.JUnitReportReporter -->
<testsuite skipped="0" hostname="DESKTOP-LHE3BOF" name="com.testClasses.EMICalculatorBaseTest" tests="1" failures="0" timestamp="15 Jun 2020 17:06:11 GMT" time="15.818" errors="0">
  <testcase name="emicalculator" time="15.818" classname="com.testClasses.EMICalculatorBaseTest"/>
</testsuite> <!-- com.testClasses.EMICalculatorBaseTest -->
