<?xml version="1.0" encoding="UTF-8"?>
<!-- Generated by org.testng.reporters.JUnitReportReporter -->
<testsuite skipped="0" hostname="DESKTOP-LHE3BOF" name="com.testClasses.EMICalculatorSmokeTests" tests="4" failures="0" timestamp="16 Jun 2020 17:27:29 GMT" time="46.934" errors="0">
  <testcase name="isShareButtonWorking" time="13.046" classname="com.testClasses.EMICalculatorSmokeTests"/>
  <testcase name="isTotalPaymentAmountVerify" time="12.624" classname="com.testClasses.EMICalculatorSmokeTests"/>
  <testcase name="isCarLoanElementPresent" time="13.772" classname="com.testClasses.EMICalculatorSmokeTests"/>
  <testcase name="verifyPageTitle" time="7.492" classname="com.testClasses.EMICalculatorSmokeTests"/>
</testsuite> <!-- com.testClasses.EMICalculatorSmokeTests -->
