<?xml version="1.0" encoding="UTF-8"?>
<!-- Generated by org.testng.reporters.JUnitReportReporter -->
<testsuite skipped="0" hostname="DESKTOP-LHE3BOF" name="com.testClasses.EMICalculatorSmokeTests" tests="3" failures="0" timestamp="15 Jun 2020 17:48:21 GMT" time="32.981" errors="0">
  <testcase name="isCarLoanElementPresent" time="7.309" classname="com.testClasses.EMICalculatorSmokeTests"/>
  <testcase name="isTotalPaymentAmountVerify" time="13.618" classname="com.testClasses.EMICalculatorSmokeTests"/>
  <testcase name="emicalculator" time="12.054" classname="com.testClasses.EMICalculatorSmokeTests"/>
</testsuite> <!-- com.testClasses.EMICalculatorSmokeTests -->
