<?xml version="1.0" encoding="UTF-8"?>
<!-- Generated by org.testng.reporters.JUnitReportReporter -->
<testsuite skipped="0" hostname="DESKTOP-LHE3BOF" name="com.testClasses.EMICalculatorBaseTest" tests="1" failures="0" timestamp="2020-06-16T15:35:14 IST" time="13.785" errors="0">
  <testcase name="emicalculator" time="13.785" classname="com.testClasses.EMICalculatorBaseTest"/>
</testsuite> <!-- com.testClasses.EMICalculatorBaseTest -->
