<?xml version="1.0" encoding="UTF-8"?>
<!-- Generated by org.testng.reporters.JUnitReportReporter -->
<testsuite skipped="0" hostname="DESKTOP-LHE3BOF" name="com.testClasses.EMICalculatorSmokeTests" tests="3" failures="0" timestamp="2020-06-16T15:28:15 IST" time="36.041" errors="0">
  <testcase name="verifyPageTitle" time="11.119" classname="com.testClasses.EMICalculatorSmokeTests"/>
  <testcase name="isTotalPaymentAmountVerify" time="13.026" classname="com.testClasses.EMICalculatorSmokeTests"/>
  <testcase name="isCarLoanElementPresent" time="11.896" classname="com.testClasses.EMICalculatorSmokeTests"/>
</testsuite> <!-- com.testClasses.EMICalculatorSmokeTests -->
