<?xml version="1.0" encoding="UTF-8"?>
<!-- Generated by org.testng.reporters.JUnitReportReporter -->
<testsuite skipped="0" hostname="DESKTOP-LHE3BOF" name="com.testClasses.EMICalculatorSmokeTests" tests="3" failures="0" timestamp="2020-06-16T15:35:14 IST" time="36.705" errors="0">
  <testcase name="isCarLoanElementPresent" time="12.032" classname="com.testClasses.EMICalculatorSmokeTests"/>
  <testcase name="verifyPageTitle" time="11.524" classname="com.testClasses.EMICalculatorSmokeTests"/>
  <testcase name="isTotalPaymentAmountVerify" time="13.149" classname="com.testClasses.EMICalculatorSmokeTests"/>
</testsuite> <!-- com.testClasses.EMICalculatorSmokeTests -->
